This file contains any messages produced by compilers while
running configure, to aid debugging if configure makes a mistake.

It was created by configure, which was
generated by GNU Autoconf 2.59.  Invocation command line was

  $ ./configure --disable-gui

## --------- ##
## Platform. ##
## --------- ##

hostname = ln1
uname -m = aarch64
uname -r = 5.4.0-65-generic
uname -s = Linux
uname -v = #73-Ubuntu SMP Mon Jan 18 17:27:25 UTC 2021

/usr/bin/uname -p = aarch64
/bin/uname -X     = unknown

/bin/arch              = aarch64
/usr/bin/arch -k       = unknown
/usr/convex/getsysinfo = unknown
hostinfo               = unknown
/bin/machine           = unknown
/usr/bin/oslevel       = unknown
/bin/universe          = unknown

PATH: /thfs1/home/caoxux/Applications/starccmplus/16.02.009-R8/STAR-View+16.02.009/bin
PATH: /thfs1/home/caoxux/Applications/starccmplus/16.02.009-R8/STAR-CCM+16.02.009-R8/star/bin
PATH: /thfs1/home/caoxux/Applications/starccmplus/16.02.009-R8/STAR-CCM+16.02.009-R8/star/bin
PATH: /thfs1/home/caoxux/Applications/starccmplus/16.02.009-R8/STAR-View+16.02.009/bin
PATH: /thfs1/home/caoxux/Applications/starccmplus/16.02.009-R8/STAR-CCM+16.02.009-R8/star/bin
PATH: /thfs1/home/caoxux/Applications/starccmplus/16.02.009-R8/STAR-View+16.02.009/bin
PATH: /thfs1/home/caoxux/Applications/starccmplus/16.02.009-R8/STAR-CCM+16.02.009-R8/star/bin
PATH: /thfs1/home/caoxux/Applications/starccmplus/16.02.009-R8/STAR-View+16.02.009/bin
PATH: /thfs1/home/caoxux/Applications/starccmplus/16.02.009-R8/STAR-CCM+16.02.009-R8/star/bin
PATH: /thfs1/home/caoxux/CFL3D/CFL3Dv6/bin
PATH: /thfs1/home/caoxux/CFL3D/CFL3Dv6/bin/tools
PATH: /thfs1/software/modules/4.2.1-gcc9.3.0/bin
PATH: /usr/local/sbin
PATH: /usr/local/bin
PATH: /usr/sbin
PATH: /usr/bin
PATH: /sbin
PATH: /bin
PATH: /usr/games
PATH: /usr/local/games
PATH: /snap/bin
PATH: /thfs1/home/caoxux/SU2/SU2-7.3.1/bin


## ----------- ##
## Core tests. ##
## ----------- ##

configure:1441: checking for gcc
configure:1457: found /usr/bin/gcc
configure:1467: result: gcc
configure:1711: checking for C compiler version
configure:1714: gcc --version </dev/null >&5
gcc (Ubuntu 9.3.0-17ubuntu1~20.04) 9.3.0
Copyright (C) 2019 Free Software Foundation, Inc.
This is free software; see the source for copying conditions.  There is NO
warranty; not even for MERCHANTABILITY or FITNESS FOR A PARTICULAR PURPOSE.

configure:1717: $? = 0
configure:1719: gcc -v </dev/null >&5
Using built-in specs.
COLLECT_GCC=gcc
COLLECT_LTO_WRAPPER=/usr/lib/gcc/aarch64-linux-gnu/9/lto-wrapper
Target: aarch64-linux-gnu
Configured with: ../src/configure -v --with-pkgversion='Ubuntu 9.3.0-17ubuntu1~20.04' --with-bugurl=file:///usr/share/doc/gcc-9/README.Bugs --enable-languages=c,ada,c++,go,d,fortran,objc,obj-c++,gm2 --prefix=/usr --with-gcc-major-version-only --program-suffix=-9 --program-prefix=aarch64-linux-gnu- --enable-shared --enable-linker-build-id --libexecdir=/usr/lib --without-included-gettext --enable-threads=posix --libdir=/usr/lib --enable-nls --enable-clocale=gnu --enable-libstdcxx-debug --enable-libstdcxx-time=yes --with-default-libstdcxx-abi=new --enable-gnu-unique-object --disable-libquadmath --disable-libquadmath-support --enable-plugin --enable-default-pie --with-system-zlib --with-target-system-zlib=auto --enable-objc-gc=auto --enable-multiarch --enable-fix-cortex-a53-843419 --disable-werror --enable-checking=release --build=aarch64-linux-gnu --host=aarch64-linux-gnu --target=aarch64-linux-gnu
Thread model: posix
gcc version 9.3.0 (Ubuntu 9.3.0-17ubuntu1~20.04) 
configure:1722: $? = 0
configure:1724: gcc -V </dev/null >&5
gcc: error: unrecognized command line option '-V'
gcc: fatal error: no input files
compilation terminated.
configure:1727: $? = 1
configure:1750: checking for C compiler default output file name
configure:1753: gcc    conftest.c  >&5
configure:1756: $? = 0
configure:1802: result: a.out
configure:1807: checking whether the C compiler works
configure:1813: ./a.out
configure:1816: $? = 0
configure:1833: result: yes
configure:1840: checking whether we are cross compiling
configure:1842: result: no
configure:1845: checking for suffix of executables
configure:1847: gcc -o conftest    conftest.c  >&5
configure:1850: $? = 0
configure:1875: result: 
configure:1881: checking for suffix of object files
configure:1902: gcc -c   conftest.c >&5
configure:1905: $? = 0
configure:1927: result: o
configure:1931: checking whether we are using the GNU C compiler
configure:1955: gcc -c   conftest.c >&5
configure:1961: $? = 0
configure:1965: test -z 
			 || test ! -s conftest.err
configure:1968: $? = 0
configure:1971: test -s conftest.o
configure:1974: $? = 0
configure:1987: result: yes
configure:1993: checking whether gcc accepts -g
configure:2014: gcc -c -g  conftest.c >&5
configure:2020: $? = 0
configure:2024: test -z 
			 || test ! -s conftest.err
configure:2027: $? = 0
configure:2030: test -s conftest.o
configure:2033: $? = 0
configure:2044: result: yes
configure:2061: checking for gcc option to accept ANSI C
configure:2131: gcc  -c -g -O2  conftest.c >&5
configure:2137: $? = 0
configure:2141: test -z 
			 || test ! -s conftest.err
configure:2144: $? = 0
configure:2147: test -s conftest.o
configure:2150: $? = 0
configure:2168: result: none needed
configure:2186: gcc -c -g -O2  conftest.c >&5
conftest.c:2:3: error: unknown type name 'choke'
    2 |   choke me
      |   ^~~~~
conftest.c:2:3: error: expected '=', ',', ';', 'asm' or '__attribute__' at end of input
configure:2192: $? = 1
configure: failed program was:
| #ifndef __cplusplus
|   choke me
| #endif
configure:2377: checking for g++
configure:2393: found /usr/bin/g++
configure:2403: result: g++
configure:2419: checking for C++ compiler version
configure:2422: g++ --version </dev/null >&5
g++ (Ubuntu 9.3.0-17ubuntu1~20.04) 9.3.0
Copyright (C) 2019 Free Software Foundation, Inc.
This is free software; see the source for copying conditions.  There is NO
warranty; not even for MERCHANTABILITY or FITNESS FOR A PARTICULAR PURPOSE.

configure:2425: $? = 0
configure:2427: g++ -v </dev/null >&5
Using built-in specs.
COLLECT_GCC=g++
COLLECT_LTO_WRAPPER=/usr/lib/gcc/aarch64-linux-gnu/9/lto-wrapper
Target: aarch64-linux-gnu
Configured with: ../src/configure -v --with-pkgversion='Ubuntu 9.3.0-17ubuntu1~20.04' --with-bugurl=file:///usr/share/doc/gcc-9/README.Bugs --enable-languages=c,ada,c++,go,d,fortran,objc,obj-c++,gm2 --prefix=/usr --with-gcc-major-version-only --program-suffix=-9 --program-prefix=aarch64-linux-gnu- --enable-shared --enable-linker-build-id --libexecdir=/usr/lib --without-included-gettext --enable-threads=posix --libdir=/usr/lib --enable-nls --enable-clocale=gnu --enable-libstdcxx-debug --enable-libstdcxx-time=yes --with-default-libstdcxx-abi=new --enable-gnu-unique-object --disable-libquadmath --disable-libquadmath-support --enable-plugin --enable-default-pie --with-system-zlib --with-target-system-zlib=auto --enable-objc-gc=auto --enable-multiarch --enable-fix-cortex-a53-843419 --disable-werror --enable-checking=release --build=aarch64-linux-gnu --host=aarch64-linux-gnu --target=aarch64-linux-gnu
Thread model: posix
gcc version 9.3.0 (Ubuntu 9.3.0-17ubuntu1~20.04) 
configure:2430: $? = 0
configure:2432: g++ -V </dev/null >&5
g++: error: unrecognized command line option '-V'
g++: fatal error: no input files
compilation terminated.
configure:2435: $? = 1
configure:2438: checking whether we are using the GNU C++ compiler
configure:2462: g++ -c   conftest.cc >&5
configure:2468: $? = 0
configure:2472: test -z 
			 || test ! -s conftest.err
configure:2475: $? = 0
configure:2478: test -s conftest.o
configure:2481: $? = 0
configure:2494: result: yes
configure:2500: checking whether g++ accepts -g
configure:2521: g++ -c -g  conftest.cc >&5
configure:2527: $? = 0
configure:2531: test -z 
			 || test ! -s conftest.err
configure:2534: $? = 0
configure:2537: test -s conftest.o
configure:2540: $? = 0
configure:2551: result: yes
configure:2593: g++ -c -g -O2  conftest.cc >&5
configure:2599: $? = 0
configure:2603: test -z 
			 || test ! -s conftest.err
configure:2606: $? = 0
configure:2609: test -s conftest.o
configure:2612: $? = 0
configure:2638: g++ -c -g -O2  conftest.cc >&5
conftest.cc: In function 'int main()':
conftest.cc:13:1: error: 'exit' was not declared in this scope
   13 | exit (42);
      | ^~~~
configure:2644: $? = 1
configure: failed program was:
| /* confdefs.h.  */
| 
| #define PACKAGE_NAME ""
| #define PACKAGE_TARNAME ""
| #define PACKAGE_VERSION ""
| #define PACKAGE_STRING ""
| #define PACKAGE_BUGREPORT ""
| /* end confdefs.h.  */
| 
| int
| main ()
| {
| exit (42);
|   ;
|   return 0;
| }
configure:2593: g++ -c -g -O2  conftest.cc >&5
configure:2599: $? = 0
configure:2603: test -z 
			 || test ! -s conftest.err
configure:2606: $? = 0
configure:2609: test -s conftest.o
configure:2612: $? = 0
configure:2638: g++ -c -g -O2  conftest.cc >&5
configure:2644: $? = 0
configure:2648: test -z 
			 || test ! -s conftest.err
configure:2651: $? = 0
configure:2654: test -s conftest.o
configure:2657: $? = 0
configure:2707: checking how to run the C preprocessor
configure:2742: gcc -E  conftest.c
configure:2748: $? = 0
configure:2780: gcc -E  conftest.c
conftest.c:12:10: fatal error: ac_nonexistent.h: No such file or directory
   12 | #include <ac_nonexistent.h>
      |          ^~~~~~~~~~~~~~~~~~
compilation terminated.
configure:2786: $? = 1
configure: failed program was:
| /* confdefs.h.  */
| 
| #define PACKAGE_NAME ""
| #define PACKAGE_TARNAME ""
| #define PACKAGE_VERSION ""
| #define PACKAGE_STRING ""
| #define PACKAGE_BUGREPORT ""
| #ifdef __cplusplus
| extern "C" void std::exit (int) throw (); using std::exit;
| #endif
| /* end confdefs.h.  */
| #include <ac_nonexistent.h>
configure:2825: result: gcc -E
configure:2849: gcc -E  conftest.c
configure:2855: $? = 0
configure:2887: gcc -E  conftest.c
conftest.c:12:10: fatal error: ac_nonexistent.h: No such file or directory
   12 | #include <ac_nonexistent.h>
      |          ^~~~~~~~~~~~~~~~~~
compilation terminated.
configure:2893: $? = 1
configure: failed program was:
| /* confdefs.h.  */
| 
| #define PACKAGE_NAME ""
| #define PACKAGE_TARNAME ""
| #define PACKAGE_VERSION ""
| #define PACKAGE_STRING ""
| #define PACKAGE_BUGREPORT ""
| #ifdef __cplusplus
| extern "C" void std::exit (int) throw (); using std::exit;
| #endif
| /* end confdefs.h.  */
| #include <ac_nonexistent.h>
configure:2977: checking for ranlib
configure:2993: found /usr/bin/ranlib
configure:3004: result: ranlib
configure:3019: checking for ar
configure:3037: found /usr/bin/ar
configure:3049: result: /usr/bin/ar
configure:3441: checking for main in -lm
configure:3465: gcc -o conftest -g -O2   conftest.c -lm   >&5
configure:3471: $? = 0
configure:3475: test -z 
			 || test ! -s conftest.err
configure:3478: $? = 0
configure:3481: test -s conftest
configure:3484: $? = 0
configure:3497: result: yes
configure:3509: checking for vsnprintf
configure:3566: gcc -o conftest -g -O2   conftest.c -lm  >&5
conftest.c:37:6: warning: conflicting types for built-in function 'vsnprintf'; expected 'int(char *, long unsigned int,  const char *, __va_list)' [-Wbuiltin-declaration-mismatch]
   37 | char vsnprintf ();
      |      ^~~~~~~~~
conftest.c:24:1: note: 'vsnprintf' is declared in header '<stdio.h>'
   23 | # include <limits.h>
   24 | #else
configure:3572: $? = 0
configure:3576: test -z 
			 || test ! -s conftest.err
configure:3579: $? = 0
configure:3582: test -s conftest
configure:3585: $? = 0
configure:3597: result: yes
configure:3605: checking for snprintf
configure:3662: gcc -o conftest -g -O2   conftest.c -lm  >&5
conftest.c:37:6: warning: conflicting types for built-in function 'snprintf'; expected 'int(char *, long unsigned int,  const char *, ...)' [-Wbuiltin-declaration-mismatch]
   37 | char snprintf ();
      |      ^~~~~~~~
conftest.c:24:1: note: 'snprintf' is declared in header '<stdio.h>'
   23 | # include <limits.h>
   24 | #else
configure:3668: $? = 0
configure:3672: test -z 
			 || test ! -s conftest.err
configure:3675: $? = 0
configure:3678: test -s conftest
configure:3681: $? = 0
configure:3693: result: yes
configure:3719: gcc -c -g -O2  conftest.c >&5
configure:3725: $? = 0
configure:3729: test -z 
			 || test ! -s conftest.err
configure:3732: $? = 0
configure:3735: test -s conftest.o
configure:3738: $? = 0
configure:3751: checking for ./contrib/Triangle/triangle.c
configure:3766: result: yes
configure:3805: checking for ./contrib/ANN/include/ANN/ANN.h
configure:3820: result: yes
configure:3854: checking for ./contrib/Metis/metis.h
configure:3869: result: yes
configure:3903: checking for ./contrib/Netgen/libsrc/meshing/meshclass.cpp
configure:3918: result: yes
configure:3953: checking for ./contrib/Tetgen/tetgen.h
configure:3968: result: yes
configure:4006: checking for ./contrib/MathEval/matheval.cpp
configure:4021: result: yes
configure:4044: checking for main in -lgslcblas
configure:4068: gcc -o conftest -g -O2   conftest.c -lgslcblas  -lm  >&5
/usr/bin/ld: cannot find -lgslcblas
collect2: error: ld returned 1 exit status
configure:4074: $? = 1
configure: failed program was:
| /* confdefs.h.  */
| 
| #define PACKAGE_NAME ""
| #define PACKAGE_TARNAME ""
| #define PACKAGE_VERSION ""
| #define PACKAGE_STRING ""
| #define PACKAGE_BUGREPORT ""
| #ifdef __cplusplus
| extern "C" void std::exit (int) throw (); using std::exit;
| #endif
| #define HAVE_LIBM 1
| /* end confdefs.h.  */
| 
| 
| int
| main ()
| {
| main ();
|   ;
|   return 0;
| }
configure:4100: result: no
configure:4111: checking for main in -lgsl
configure:4135: gcc -o conftest -g -O2   conftest.c -lgsl  -lm  >&5
/usr/bin/ld: cannot find -lgsl
collect2: error: ld returned 1 exit status
configure:4141: $? = 1
configure: failed program was:
| /* confdefs.h.  */
| 
| #define PACKAGE_NAME ""
| #define PACKAGE_TARNAME ""
| #define PACKAGE_VERSION ""
| #define PACKAGE_STRING ""
| #define PACKAGE_BUGREPORT ""
| #ifdef __cplusplus
| extern "C" void std::exit (int) throw (); using std::exit;
| #endif
| #define HAVE_LIBM 1
| /* end confdefs.h.  */
| 
| 
| int
| main ()
| {
| main ();
|   ;
|   return 0;
| }
configure:4167: result: no
configure:4186: checking for ./contrib/NR/dsvdcmp.cpp
configure:4201: result: yes
configure:4429: creating ./config.status

## ---------------------- ##
## Running config.status. ##
## ---------------------- ##

This file was extended by config.status, which was
generated by GNU Autoconf 2.59.  Invocation command line was

  CONFIG_FILES    = 
  CONFIG_HEADERS  = 
  CONFIG_LINKS    = 
  CONFIG_COMMANDS = 
  $ ./config.status 

on ln1

config.status:646: creating variables

## ---------------- ##
## Cache variables. ##
## ---------------- ##

ac_cv_c_compiler_gnu=yes
ac_cv_cxx_compiler_gnu=yes
ac_cv_env_CC_set=
ac_cv_env_CC_value=
ac_cv_env_CFLAGS_set=
ac_cv_env_CFLAGS_value=
ac_cv_env_CPPFLAGS_set=
ac_cv_env_CPPFLAGS_value=
ac_cv_env_CPP_set=
ac_cv_env_CPP_value=
ac_cv_env_CXXFLAGS_set=
ac_cv_env_CXXFLAGS_value=
ac_cv_env_CXX_set=
ac_cv_env_CXX_value=
ac_cv_env_LDFLAGS_set=
ac_cv_env_LDFLAGS_value=
ac_cv_env_build_alias_set=
ac_cv_env_build_alias_value=
ac_cv_env_host_alias_set=
ac_cv_env_host_alias_value=
ac_cv_env_target_alias_set=
ac_cv_env_target_alias_value=
ac_cv_exeext=
ac_cv_file___contrib_ANN_include_ANN_ANN_h=yes
ac_cv_file___contrib_MathEval_matheval_cpp=yes
ac_cv_file___contrib_Metis_metis_h=yes
ac_cv_file___contrib_NR_dsvdcmp_cpp=yes
ac_cv_file___contrib_Netgen_libsrc_meshing_meshclass_cpp=yes
ac_cv_file___contrib_Tetgen_tetgen_h=yes
ac_cv_file___contrib_Triangle_triangle_c=yes
ac_cv_func_snprintf=yes
ac_cv_func_vsnprintf=yes
ac_cv_lib_gsl_main=no
ac_cv_lib_gslcblas_main=no
ac_cv_lib_m_main=yes
ac_cv_objext=o
ac_cv_path_AR=/usr/bin/ar
ac_cv_prog_CPP='gcc -E'
ac_cv_prog_ac_ct_CC=gcc
ac_cv_prog_ac_ct_CXX=g++
ac_cv_prog_ac_ct_RANLIB=ranlib
ac_cv_prog_cc_g=yes
ac_cv_prog_cc_stdc=
ac_cv_prog_cxx_g=yes

## ----------------- ##
## Output variables. ##
## ----------------- ##

AR='/usr/bin/ar ruvs'
CC='gcc'
CFLAGS='-g -O2'
CPP='gcc -E'
CPPFLAGS=''
CXX='g++'
CXXFLAGS='-g -O2'
DEFS='-DPACKAGE_NAME=\"\" -DPACKAGE_TARNAME=\"\" -DPACKAGE_VERSION=\"\" -DPACKAGE_STRING=\"\" -DPACKAGE_BUGREPORT=\"\" -DHAVE_LIBM=1 '
ECHO_C=''
ECHO_N='-n'
ECHO_T=''
EXEEXT=''
FLAGS='-DHAVE_MATH_EVAL -DHAVE_TETGEN -DHAVE_NETGEN -DHAVE_METIS -DHAVE_ANN_ -DHAVE_TRIANGLE '
FLTKCONFIG=''
GMSH_DIRS='Common DataStr Geo Mesh Numeric Parallel Parser Plugin Box contrib/Triangle contrib/ANN contrib/Metis contrib/Netgen contrib/Tetgen contrib/MathEval contrib/NR'
GMSH_LIBS='-Llib -lGmshBox -lGmshParser -lGmshMesh -lGmshGeo -lGmshPlugin -lGmshCommon -lGmshDataStr -lGmshNumeric -lGmshParallel -lGmshTriangle -lGmshANN -lGmshMetis -lGmshNetgen -lGmshTetgen -lGmshMathEval -lGmshNR -lm'
LDFLAGS=''
LIBOBJS=''
LIBS='-lm '
LINKER='g++'
LTLIBOBJS=''
OBJEXT='o'
OPTIM='-g -O2'
PACKAGE_BUGREPORT=''
PACKAGE_NAME=''
PACKAGE_STRING=''
PACKAGE_TARNAME=''
PACKAGE_VERSION=''
PATH_SEPARATOR=':'
POSTBUILD=''
RANLIB='ranlib'
SHELL='/bin/sh'
UNAME='Linux'
ac_ct_CC='gcc'
ac_ct_CXX='g++'
ac_ct_RANLIB='ranlib'
bindir='${exec_prefix}/bin'
build_alias=''
datadir='${prefix}/share'
exec_prefix='${prefix}'
host_alias=''
includedir='${prefix}/include'
infodir='${prefix}/info'
libdir='${exec_prefix}/lib'
libexecdir='${exec_prefix}/libexec'
localstatedir='${prefix}/var'
mandir='${prefix}/man'
oldincludedir='/usr/include'
prefix='/usr/local'
program_transform_name='s,x,x,'
sbindir='${exec_prefix}/sbin'
sharedstatedir='${prefix}/com'
sysconfdir='${prefix}/etc'
target_alias=''

## ----------- ##
## confdefs.h. ##
## ----------- ##

#define HAVE_LIBM 1
#define PACKAGE_BUGREPORT ""
#define PACKAGE_NAME ""
#define PACKAGE_STRING ""
#define PACKAGE_TARNAME ""
#define PACKAGE_VERSION ""
#endif
#ifdef __cplusplus
extern "C" void std::exit (int) throw (); using std::exit;

configure: exit 0
